<?xml version="1.0" encoding="UTF-8"?>
<!-- Generated by org.testng.reporters.JUnitXMLReporter -->
<testsuite ignored="0" hostname="Waseem" failures="0" tests="5" name="Default test" time="23.489" errors="0" timestamp="2026-07-04T14:31:44 IST">
  <testcase classname="TestCases.tc07_Shopcart_Test" name="logontoweb" time="3.805"/>
  <testcase classname="TestCases.tc07_Shopcart_Test" name="AddtoCart" time="1.98"/>
  <testcase classname="TestCases.tc07_Shopcart_Test" name="AddtoCart" time="1.409"/>
  <testcase classname="TestCases.tc07_Shopcart_Test" name="CalculateValues" time="7.021"/>
  <testcase classname="TestCases.tc07_Shopcart_Test" name="logofffromweb" time="0.952"/>
</testsuite> <!-- Default test -->
