<?xml version="1.0" encoding="UTF-8"?>
<!-- Generated by org.testng.reporters.JUnitXMLReporter -->
<testsuite ignored="0" hostname="Waseem" failures="0" tests="3" name="Master_Test" time="29.071" errors="0" timestamp="2026-07-21T12:03:50 IST">
  <testcase classname="TestCases_using_MySQLWorkbench.tc02_Login_Test_MySQL" name="Login" time="2.342"/>
  <testcase classname="TestCases_using_MySQLWorkbench.tc02_Login_Test_MySQL" name="Login" time="6.984"/>
  <testcase classname="TestCases_using_MySQLWorkbench.tc02_Login_Test_MySQL" name="Login" time="2.839"/>
</testsuite> <!-- Master_Test -->
