<?xml version="1.0" encoding="UTF-8"?>
<!-- Generated by org.testng.reporters.JUnitXMLReporter -->
<testsuite ignored="0" hostname="Waseem" failures="0" tests="8" name="Master_Test" time="32.036" errors="0" timestamp="2026-07-01T19:56:12 IST">
  <testcase classname="TestCases.tc03_Search" name="logontoweb" time="2.849"/>
  <testcase classname="TestCases.tc03_Search" name="SearchOptions" time="2.354"/>
  <testcase classname="TestCases.tc03_Search" name="SearchOptions" time="1.591"/>
  <testcase classname="TestCases.tc03_Search" name="logofffromweb" time="0.801"/>
  <testcase classname="TestCases.tc04_Product_Display" name="logontoweb" time="2.975"/>
  <testcase classname="TestCases.tc04_Product_Display" name="SearchOptions" time="3.524"/>
  <testcase classname="TestCases.tc04_Product_Display" name="SearchOptions" time="3.871"/>
  <testcase classname="TestCases.tc04_Product_Display" name="logofffromweb" time="0.649"/>
</testsuite> <!-- Master_Test -->
