<?xml version="1.0" encoding="UTF-8"?>
<!-- Generated by org.testng.reporters.JUnitXMLReporter -->
<testsuite ignored="0" hostname="Waseem" failures="0" tests="3" name="Test" time="31.986" errors="0" timestamp="2026-07-21T12:02:05 IST">
  <testcase classname="TestCases_using_MySQLWorkbench.tc02_Login_Test_MySQL" name="Login" time="2.828"/>
  <testcase classname="TestCases_using_MySQLWorkbench.tc02_Login_Test_MySQL" name="Login" time="7.843"/>
  <testcase classname="TestCases_using_MySQLWorkbench.tc02_Login_Test_MySQL" name="Login" time="2.323"/>
</testsuite> <!-- Test -->
