<?xml version="1.0" encoding="UTF-8"?>
<!-- Generated by org.testng.reporters.JUnitXMLReporter -->
<testsuite ignored="0" hostname="Waseem" failures="1" tests="6" name="Test" time="53.103" errors="0" timestamp="2026-07-22T10:55:52 IST">
  <testcase classname="TestCases_using_MySQLWorkbench.tc01_Registration_test_MySQL" name="Register" time="6.491"/>
  <testcase classname="TestCases_using_MySQLWorkbench.tc02_Login_Test_MySQL" name="Login" time="3.048"/>
  <testcase classname="TestCases_using_MySQLWorkbench.tc02_Login_Test_MySQL" name="Login" time="7.064">
    <failure type="java.lang.AssertionError" message="expected [true] but found [false]">
      <![CDATA[java.lang.AssertionError: expected [true] but found [false]
at TestCases_using_MySQLWorkbench.tc02_Login_Test_MySQL.Login(tc02_Login_Test_MySQL.java:54)
at java.base/java.util.ArrayList.forEach(ArrayList.java:1604)
... Removed 29 stack frames]]>
    </failure>
  </testcase> <!-- Login -->
  <testcase classname="TestCases_using_MySQLWorkbench.tc02_Login_Test_MySQL" name="Login" time="2.042"/>
  <testcase classname="TestCases_using_MySQLWorkbench.tc02_Login_Test_MySQL" name="Login" time="2.445"/>
  <testcase classname="TestCases_using_MySQLWorkbench.tc02_Login_Test_MySQL" name="Login" time="2.009"/>
</testsuite> <!-- Test -->
