<?xml version="1.0" encoding="UTF-8"?>
<!-- Generated by org.testng.reporters.JUnitXMLReporter -->
<testsuite ignored="0" hostname="Waseem" failures="0" tests="26" name="Master_Test" time="105.001" errors="0" timestamp="2026-07-07T19:53:55 IST">
  <testcase classname="TestCases.tc00_BrokenLinksonHomePage" name="Toplinks" time="5.202"/>
  <testcase classname="TestCases.tc00_BrokenLinksonHomePage" name="FooterLinks" time="8.861"/>
  <testcase classname="TestCases.tc01_Registration" name="Register" time="4.829"/>
  <testcase classname="TestCases.tc02_Login_Test" name="Login" time="2.523"/>
  <testcase classname="TestCases.tc02_Login_Test" name="Login" time="2.108"/>
  <testcase classname="TestCases.tc03_Search" name="logontoweb" time="2.181"/>
  <testcase classname="TestCases.tc03_Search" name="SearchOptions" time="2.074"/>
  <testcase classname="TestCases.tc03_Search" name="SearchOptions" time="1.406"/>
  <testcase classname="TestCases.tc03_Search" name="logofffromweb" time="0.73"/>
  <testcase classname="TestCases.tc04_Product_Display" name="logontoweb" time="2.245"/>
  <testcase classname="TestCases.tc04_Product_Display" name="SearchOptions" time="3.016"/>
  <testcase classname="TestCases.tc04_Product_Display" name="SearchOptions" time="2.384"/>
  <testcase classname="TestCases.tc04_Product_Display" name="logofffromweb" time="0.648"/>
  <testcase classname="TestCases.tc05_Add_to_cart_test" name="logontoweb" time="2.147"/>
  <testcase classname="TestCases.tc05_Add_to_cart_test" name="SearchOptions" time="2.881"/>
  <testcase classname="TestCases.tc05_Add_to_cart_test" name="SearchOptions" time="2.09"/>
  <testcase classname="TestCases.tc05_Add_to_cart_test" name="logofffromweb" time="0.664"/>
  <testcase classname="TestCases.tc06_Wish_List_Test" name="logontoweb" time="2.373"/>
  <testcase classname="TestCases.tc06_Wish_List_Test" name="SearchOptions" time="1.247"/>
  <testcase classname="TestCases.tc06_Wish_List_Test" name="SearchOptions" time="1.177"/>
  <testcase classname="TestCases.tc06_Wish_List_Test" name="logofffromweb" time="0.641"/>
  <testcase classname="TestCases.tc07_Shopcart_Test" name="logontoweb" time="2.316"/>
  <testcase classname="TestCases.tc07_Shopcart_Test" name="AddtoCart" time="2.982"/>
  <testcase classname="TestCases.tc07_Shopcart_Test" name="AddtoCart" time="2.849"/>
  <testcase classname="TestCases.tc07_Shopcart_Test" name="CalculateValues" time="1.066"/>
  <testcase classname="TestCases.tc07_Shopcart_Test" name="logofffromweb" time="0.806"/>
</testsuite> <!-- Master_Test -->
