<?xml version="1.0" encoding="UTF-8"?>
<!-- Generated by org.testng.reporters.JUnitXMLReporter -->
<testsuite ignored="0" hostname="Waseem" failures="1" tests="6" name="Master_Test" time="53.324" errors="0" timestamp="2026-06-28T12:30:26 IST">
  <testcase classname="TestCases.tc02_Login_Test" name="Login" time="13.211">
    <failure type="java.lang.AssertionError" message="null">
      <![CDATA[java.lang.AssertionError: null
at TestCases.tc02_Login_Test.Login(tc02_Login_Test.java:56)
at java.base/java.util.ArrayList.forEach(ArrayList.java:1511)
... Removed 33 stack frames]]>
    </failure>
  </testcase> <!-- Login -->
  <testcase classname="TestCases.tc02_Login_Test" name="Login" time="2.927"/>
  <testcase classname="TestCases.tc02_Login_Test" name="Login" time="7.825"/>
  <testcase classname="TestCases.tc02_Login_Test" name="Login" time="7.51"/>
  <testcase classname="TestCases.tc02_Login_Test" name="Login" time="4.925"/>
  <testcase classname="TestCases.tc02_Login_Test" name="Login" time="4.963"/>
</testsuite> <!-- Master_Test -->
