<?xml version="1.0" encoding="UTF-8"?>
<testsuite xmlns:xsi="http://www.w3.org/2001/XMLSchema-instance" xsi:noNamespaceSchemaLocation="https://maven.apache.org/surefire/maven-surefire-plugin/xsd/surefire-test-report-3.0.xsd" version="3.0" name="TestSuite" time="43.386" tests="3" errors="0" skipped="0" failures="0">
  <properties>
[...]
</properties>
  <testcase name="Login[CQqBb@gmail.com, hQL286](1)" classname="TestCases_using_MySQLWorkbench.tc02_Login_Test_MySQL" time="3.268">
    <system-err><![CDATA[SLF4J(W): No SLF4J providers were found.
SLF4J(W): Defaulting to no-operation (NOP) logger implementation
SLF4J(W): See https://www.slf4j.org/codes.html#noProviders for further details.
2026-07-21T06:34:43.352381800Z main INFO Starting configuration XmlConfiguration[location=C:\Users\mohdw\eclipse-workspace\OpencartV121\target\test-classes\log4j2.xml, lastModified=2025-08-30T07:46:22.194Z]...
2026-07-21T06:34:43.355381100Z main INFO Configuration XmlConfiguration[location=C:\Users\mohdw\eclipse-workspace\OpencartV121\target\test-classes\log4j2.xml, lastModified=2025-08-30T07:46:22.194Z] started.
2026-07-21T06:34:43.360382300Z main INFO Stopping configuration org.apache.logging.log4j.core.config.DefaultConfiguration@38831718...
2026-07-21T06:34:43.361382100Z main INFO Configuration org.apache.logging.log4j.core.config.DefaultConfiguration@38831718 stopped.
Jul 21, 2026 12:04:47 PM org.openqa.selenium.devtools.CdpVersionFinder findNearestMatch
WARNING: Unable to find an exact match for CDP version 150, returning the closest version; found: 149; Please update to a Selenium version that supports CDP version 150
Jul 21, 2026 12:04:50 PM io.opentelemetry.api.GlobalOpenTelemetry maybeAutoConfigureAndSetGlobal
INFO: AutoConfiguredOpenTelemetrySdk found on classpath but automatic configuration is disabled. To enable, run your JVM with -Dotel.java.global-autoconfigure.enabled=true
]]></system-err>
  </testcase>
  <testcase name="Login[nLNnG@gmail.com, yyyy](2)" classname="TestCases_using_MySQLWorkbench.tc02_Login_Test_MySQL" time="7.027"/>
  <testcase name="Login[rBJpJ@gmail.com, ljY512](3)" classname="TestCases_using_MySQLWorkbench.tc02_Login_Test_MySQL" time="14.831"/>
</testsuite>