<?xml version="1.0" encoding="UTF-8"?>
<testsuite xmlns:xsi="http://www.w3.org/2001/XMLSchema-instance" xsi:noNamespaceSchemaLocation="https://maven.apache.org/surefire/maven-surefire-plugin/xsd/surefire-test-report-3.0.xsd" version="3.0" name="TestSuite" time="83.649" tests="20" errors="0" skipped="0" failures="0">
  <properties>
[...]
</properties>
  <testcase name="Register" classname="TestCases.tc01_Registration" time="5.607">
    <system-out><![CDATA[✅ Data written successfully: brsoE@gmail.com | eKQ438
]]></system-out>
    <system-err><![CDATA[SLF4J(W): No SLF4J providers were found.
SLF4J(W): Defaulting to no-operation (NOP) logger implementation
SLF4J(W): See https://www.slf4j.org/codes.html#noProviders for further details.
2026-07-02T11:14:35.615992900Z main INFO Starting configuration XmlConfiguration[location=C:\Users\mohdw\eclipse-workspace\OpencartV121\target\test-classes\log4j2.xml, lastModified=2025-08-30T07:46:22.194Z]...
2026-07-02T11:14:35.618995500Z main INFO Configuration XmlConfiguration[location=C:\Users\mohdw\eclipse-workspace\OpencartV121\target\test-classes\log4j2.xml, lastModified=2025-08-30T07:46:22.194Z] started.
2026-07-02T11:14:35.624990100Z main INFO Stopping configuration org.apache.logging.log4j.core.config.DefaultConfiguration@22875539...
2026-07-02T11:14:35.625989900Z main INFO Configuration org.apache.logging.log4j.core.config.DefaultConfiguration@22875539 stopped.
]]></system-err>
  </testcase>
  <testcase name="Login[hKKsS@gmail.com, qia2952](1)" classname="TestCases.tc02_Login_Test" time="7.906"/>
  <testcase name="Login[AcUiK@gmail.com, Nji415](2)" classname="TestCases.tc02_Login_Test" time="4.707"/>
  <testcase name="Login[zAylb@gmail.com, NFB092](3)" classname="TestCases.tc02_Login_Test" time="2.372"/>
  <testcase name="logontoweb" classname="TestCases.tc03_Search" time="2.638"/>
  <testcase name="SearchOptions[imac](1)" classname="TestCases.tc03_Search" time="1.935"/>
  <testcase name="SearchOptions[macbook pro](2)" classname="TestCases.tc03_Search" time="1.396"/>
  <testcase name="logofffromweb" classname="TestCases.tc03_Search" time="0.713"/>
  <testcase name="logontoweb" classname="TestCases.tc04_Product_Display" time="2.33"/>
  <testcase name="SearchOptions[imac](1)" classname="TestCases.tc04_Product_Display" time="2.975"/>
  <testcase name="SearchOptions[macbook pro](2)" classname="TestCases.tc04_Product_Display" time="2.437"/>
  <testcase name="logofffromweb" classname="TestCases.tc04_Product_Display" time="0.677"/>
  <testcase name="logontoweb" classname="TestCases.tc05_Add_to_cart_test" time="2.459"/>
  <testcase name="SearchOptions[imac](1)" classname="TestCases.tc05_Add_to_cart_test" time="2.608"/>
  <testcase name="SearchOptions[macbook pro](2)" classname="TestCases.tc05_Add_to_cart_test" time="2.023"/>
  <testcase name="logofffromweb" classname="TestCases.tc05_Add_to_cart_test" time="0.651"/>
  <testcase name="logontoweb" classname="TestCases.tc06_Wish_List_Test" time="2.618"/>
  <testcase name="SearchOptions[imac](1)" classname="TestCases.tc06_Wish_List_Test" time="1.51"/>
  <testcase name="SearchOptions[macbook pro](2)" classname="TestCases.tc06_Wish_List_Test" time="1.199"/>
  <testcase name="logofffromweb" classname="TestCases.tc06_Wish_List_Test" time="0.655"/>
</testsuite>