<?xml version="1.0" encoding="UTF-8"?>
<testng-results ignored="0" total="5" passed="5" failed="0" skipped="0">
  <reporter-output>
  </reporter-output>
  <suite started-at="2026-07-05T11:33:49 IST" name="Suite" finished-at="2026-07-05T11:34:10 IST" duration-ms="20642">
    <groups>
    </groups>
    <test started-at="2026-07-05T11:33:49 IST" name="Master_Test" finished-at="2026-07-05T11:34:10 IST" duration-ms="20642">
      <class name="TestCases.tc07_Shopcart_Test">
        <test-method is-config="true" signature="setup(java.lang.String,java.lang.String)[pri:0, instance:TestCases.tc07_Shopcart_Test@6adbc9d]" started-at="2026-07-05T11:33:49 IST" name="setup" finished-at="2026-07-05T11:33:55 IST" duration-ms="5339" status="PASS">
          <params>
            <param index="0">
              <value>
                <![CDATA[chrome]]>
              </value>
            </param>
            <param index="1">
              <value>
                <![CDATA[windows]]>
              </value>
            </param>
          </params>
          <reporter-output>
          </reporter-output>
        </test-method> <!-- setup -->
        <test-method signature="logontoweb()[pri:1, instance:TestCases.tc07_Shopcart_Test@6adbc9d]" started-at="2026-07-05T11:33:55 IST" name="logontoweb" finished-at="2026-07-05T11:33:57 IST" duration-ms="2488" status="PASS">
          <reporter-output>
          </reporter-output>
        </test-method> <!-- logontoweb -->
        <test-method signature="AddtoCart(java.lang.String)[pri:2, instance:TestCases.tc07_Shopcart_Test@6adbc9d]" started-at="2026-07-05T11:33:59 IST" name="AddtoCart" data-provider="SearchData" finished-at="2026-07-05T11:34:03 IST" depends-on-methods="TestCases.tc07_Shopcart_Test.logontoweb" duration-ms="3716" status="PASS">
          <params>
            <param index="0">
              <value>
                <![CDATA[imac]]>
              </value>
            </param>
          </params>
          <reporter-output>
          </reporter-output>
        </test-method> <!-- AddtoCart -->
        <test-method signature="AddtoCart(java.lang.String)[pri:2, instance:TestCases.tc07_Shopcart_Test@6adbc9d]" started-at="2026-07-05T11:34:03 IST" name="AddtoCart" data-provider="SearchData" finished-at="2026-07-05T11:34:05 IST" depends-on-methods="TestCases.tc07_Shopcart_Test.logontoweb" duration-ms="2717" status="PASS">
          <params>
            <param index="0">
              <value>
                <![CDATA[macbook pro]]>
              </value>
            </param>
          </params>
          <reporter-output>
          </reporter-output>
        </test-method> <!-- AddtoCart -->
        <test-method signature="CalculateValues()[pri:3, instance:TestCases.tc07_Shopcart_Test@6adbc9d]" started-at="2026-07-05T11:34:05 IST" name="CalculateValues" finished-at="2026-07-05T11:34:07 IST" depends-on-methods="TestCases.tc07_Shopcart_Test.AddtoCart" duration-ms="1295" status="PASS">
          <reporter-output>
          </reporter-output>
        </test-method> <!-- CalculateValues -->
        <test-method signature="logofffromweb()[pri:4, instance:TestCases.tc07_Shopcart_Test@6adbc9d]" started-at="2026-07-05T11:34:07 IST" name="logofffromweb" finished-at="2026-07-05T11:34:07 IST" depends-on-methods="TestCases.tc07_Shopcart_Test.logontoweb" duration-ms="842" status="PASS">
          <reporter-output>
          </reporter-output>
        </test-method> <!-- logofffromweb -->
        <test-method is-config="true" signature="Teardown()[pri:0, instance:TestCases.tc07_Shopcart_Test@6adbc9d]" started-at="2026-07-05T11:34:07 IST" name="Teardown" finished-at="2026-07-05T11:34:10 IST" duration-ms="2063" status="PASS">
          <reporter-output>
          </reporter-output>
        </test-method> <!-- Teardown -->
      </class> <!-- TestCases.tc07_Shopcart_Test -->
    </test> <!-- Master_Test -->
  </suite> <!-- Suite -->
</testng-results>
