<?xml version="1.0" encoding="UTF-8"?>
<testng-results ignored="0" total="2" passed="2" failed="0" skipped="0">
  <reporter-output>
  </reporter-output>
  <suite started-at="2026-06-27T11:00:59 IST" name="Suite" finished-at="2026-06-27T11:01:23 IST" duration-ms="24343">
    <groups>
      <group name="Master">
        <method signature="tc01_Registration.Register()[pri:0, instance:TestCases.tc01_Registration@1f2586d6]" name="Register" class="TestCases.tc01_Registration"/>
        <method signature="tc02_Login_Test.Login(java.lang.String,java.lang.String)[pri:0, instance:TestCases.tc02_Login_Test@3eb25e1a]" name="Login" class="TestCases.tc02_Login_Test"/>
      </group> <!-- Master -->
      <group name="Sanity">
        <method signature="tc01_Registration.Register()[pri:0, instance:TestCases.tc01_Registration@1f2586d6]" name="Register" class="TestCases.tc01_Registration"/>
      </group> <!-- Sanity -->
      <group name="Datadriven">
        <method signature="tc02_Login_Test.Login(java.lang.String,java.lang.String)[pri:0, instance:TestCases.tc02_Login_Test@3eb25e1a]" name="Login" class="TestCases.tc02_Login_Test"/>
      </group> <!-- Datadriven -->
    </groups>
    <test started-at="2026-06-27T11:00:59 IST" name="Master_Test" finished-at="2026-06-27T11:01:23 IST" duration-ms="24343">
      <class name="TestCases.tc02_Login_Test">
        <test-method is-config="true" signature="setup(java.lang.String,java.lang.String)[pri:0, instance:TestCases.tc02_Login_Test@3eb25e1a]" started-at="2026-06-27T11:01:14 IST" name="setup" finished-at="2026-06-27T11:01:17 IST" duration-ms="3516" status="PASS">
          <params>
            <param index="0">
              <value>
                <![CDATA[chrome]]>
              </value>
            </param>
            <param index="1">
              <value>
                <![CDATA[windows]]>
              </value>
            </param>
          </params>
          <reporter-output>
          </reporter-output>
        </test-method> <!-- setup -->
        <test-method signature="Login(java.lang.String,java.lang.String)[pri:0, instance:TestCases.tc02_Login_Test@3eb25e1a]" started-at="2026-06-27T11:01:19 IST" name="Login" data-provider="LoginData" finished-at="2026-06-27T11:01:23 IST" duration-ms="3990" status="PASS">
          <params>
            <param index="0">
              <value>
                <![CDATA[rBJpJ@gmail.com]]>
              </value>
            </param>
            <param index="1">
              <value>
                <![CDATA[ljY512]]>
              </value>
            </param>
          </params>
          <reporter-output>
          </reporter-output>
        </test-method> <!-- Login -->
        <test-method is-config="true" signature="Teardown()[pri:0, instance:TestCases.tc02_Login_Test@3eb25e1a]" started-at="2026-06-27T11:01:23 IST" name="Teardown" finished-at="2026-06-27T11:01:23 IST" duration-ms="439" status="PASS">
          <reporter-output>
          </reporter-output>
        </test-method> <!-- Teardown -->
      </class> <!-- TestCases.tc02_Login_Test -->
      <class name="TestCases.tc01_Registration">
        <test-method is-config="true" signature="setup(java.lang.String,java.lang.String)[pri:0, instance:TestCases.tc01_Registration@1f2586d6]" started-at="2026-06-27T11:01:00 IST" name="setup" finished-at="2026-06-27T11:01:07 IST" duration-ms="7866" status="PASS">
          <params>
            <param index="0">
              <value>
                <![CDATA[chrome]]>
              </value>
            </param>
            <param index="1">
              <value>
                <![CDATA[windows]]>
              </value>
            </param>
          </params>
          <reporter-output>
          </reporter-output>
        </test-method> <!-- setup -->
        <test-method signature="Register()[pri:0, instance:TestCases.tc01_Registration@1f2586d6]" started-at="2026-06-27T11:01:07 IST" name="Register" finished-at="2026-06-27T11:01:13 IST" duration-ms="5448" status="PASS">
          <reporter-output>
          </reporter-output>
        </test-method> <!-- Register -->
        <test-method is-config="true" signature="Teardown()[pri:0, instance:TestCases.tc01_Registration@1f2586d6]" started-at="2026-06-27T11:01:13 IST" name="Teardown" finished-at="2026-06-27T11:01:14 IST" duration-ms="572" status="PASS">
          <reporter-output>
          </reporter-output>
        </test-method> <!-- Teardown -->
      </class> <!-- TestCases.tc01_Registration -->
    </test> <!-- Master_Test -->
  </suite> <!-- Suite -->
</testng-results>
