<?xml version="1.0" encoding="UTF-8"?>
<!-- Generated by org.testng.reporters.JUnitReportReporter -->
<testsuite hostname="Waseem" failures="0" tests="5" name="TestCases.tc07_Shopcart_Test" time="11.058" errors="0" timestamp="2026-07-05T11:34:10 IST" skipped="0">
  <testcase classname="TestCases.tc07_Shopcart_Test" name="logontoweb" time="2.488"/>
  <testcase classname="TestCases.tc07_Shopcart_Test" name="AddtoCart" time="3.716"/>
  <testcase classname="TestCases.tc07_Shopcart_Test" name="AddtoCart" time="2.717"/>
  <testcase classname="TestCases.tc07_Shopcart_Test" name="CalculateValues" time="1.295"/>
  <testcase classname="TestCases.tc07_Shopcart_Test" name="logofffromweb" time="0.842"/>
</testsuite> <!-- TestCases.tc07_Shopcart_Test -->
