<?xml version="1.0" encoding="UTF-8"?>
<!-- Generated by org.testng.reporters.JUnitReportReporter -->
<testsuite hostname="Waseem" failures="0" tests="4" name="TestCases.tc03_Search" time="7.131" errors="0" timestamp="2026-07-01T19:09:59 IST" skipped="0">
  <testcase classname="TestCases.tc03_Search" name="logontoweb" time="2.797"/>
  <testcase classname="TestCases.tc03_Search" name="SearchOptions" time="1.500"/>
  <testcase classname="TestCases.tc03_Search" name="SearchOptions" time="2.132"/>
  <testcase classname="TestCases.tc03_Search" name="logofffromweb" time="0.702"/>
</testsuite> <!-- TestCases.tc03_Search -->
