<?xml version="1.0" encoding="UTF-8"?>
<!-- Generated by org.testng.reporters.JUnitReportReporter -->
<testsuite hostname="Waseem" failures="0" tests="4" name="TestCases.tc05_Add_to_cart_test" time="13.264" errors="0" timestamp="2026-07-02T11:30:14 IST" skipped="0">
  <testcase classname="TestCases.tc05_Add_to_cart_test" name="logontoweb" time="3.790"/>
  <testcase classname="TestCases.tc05_Add_to_cart_test" name="SearchOptions" time="3.946"/>
  <testcase classname="TestCases.tc05_Add_to_cart_test" name="SearchOptions" time="4.452"/>
  <testcase classname="TestCases.tc05_Add_to_cart_test" name="logofffromweb" time="1.076"/>
</testsuite> <!-- TestCases.tc05_Add_to_cart_test -->
