<?xml version="1.0" encoding="UTF-8"?>
<!-- Generated by org.testng.reporters.JUnitReportReporter -->
<testsuite hostname="Waseem" failures="0" tests="4" name="TestCases.tc04_Product_Display" time="11.019" errors="0" timestamp="2026-07-01T19:56:13 IST" skipped="0">
  <testcase classname="TestCases.tc04_Product_Display" name="logontoweb" time="2.975"/>
  <testcase classname="TestCases.tc04_Product_Display" name="SearchOptions" time="3.524"/>
  <testcase classname="TestCases.tc04_Product_Display" name="SearchOptions" time="3.871"/>
  <testcase classname="TestCases.tc04_Product_Display" name="logofffromweb" time="0.649"/>
</testsuite> <!-- TestCases.tc04_Product_Display -->
