<?xml version="1.0" encoding="UTF-8"?>
<!-- Generated by org.testng.reporters.JUnitReportReporter -->
<testsuite hostname="Waseem" failures="0" tests="4" name="TestCases.tc03_Search" time="7.609" errors="0" timestamp="2026-07-02T10:44:29 IST" skipped="0">
  <testcase classname="TestCases.tc03_Search" name="logontoweb" time="2.592"/>
  <testcase classname="TestCases.tc03_Search" name="SearchOptions" time="2.432"/>
  <testcase classname="TestCases.tc03_Search" name="SearchOptions" time="1.655"/>
  <testcase classname="TestCases.tc03_Search" name="logofffromweb" time="0.930"/>
</testsuite> <!-- TestCases.tc03_Search -->
