<?xml version="1.0" encoding="UTF-8"?>
<!-- Generated by org.testng.reporters.JUnitReportReporter -->
<testsuite hostname="Waseem" failures="0" tests="4" name="TestCases.tc04_Product_Display" time="14.865" errors="0" timestamp="2026-07-02T11:20:45 IST" skipped="0">
  <testcase classname="TestCases.tc04_Product_Display" name="logontoweb" time="4.896"/>
  <testcase classname="TestCases.tc04_Product_Display" name="SearchOptions" time="4.874"/>
  <testcase classname="TestCases.tc04_Product_Display" name="SearchOptions" time="4.318"/>
  <testcase classname="TestCases.tc04_Product_Display" name="logofffromweb" time="0.777"/>
</testsuite> <!-- TestCases.tc04_Product_Display -->
