<?xml version="1.0" encoding="UTF-8"?>
<!-- Generated by org.testng.reporters.JUnitReportReporter -->
<testsuite hostname="Waseem" failures="0" tests="2" name="TestCases.tc00_BrokenLinksonHomePage" time="14.865" errors="0" timestamp="2026-07-07T19:49:51 IST" skipped="0">
  <testcase classname="TestCases.tc00_BrokenLinksonHomePage" name="Toplinks" time="5.525"/>
  <testcase classname="TestCases.tc00_BrokenLinksonHomePage" name="FooterLinks" time="9.340"/>
</testsuite> <!-- TestCases.tc00_BrokenLinksonHomePage -->
