<?xml version="1.0" encoding="UTF-8"?>
<!-- Generated by org.testng.reporters.JUnitReportReporter -->
<testsuite hostname="Waseem" failures="0" tests="4" name="TestCases.tc06_Wish_List_Test" time="6.693" errors="0" timestamp="2026-07-02T16:42:33 IST" skipped="0">
  <testcase classname="TestCases.tc06_Wish_List_Test" name="logontoweb" time="2.836"/>
  <testcase classname="TestCases.tc06_Wish_List_Test" name="SearchOptions" time="1.386"/>
  <testcase classname="TestCases.tc06_Wish_List_Test" name="SearchOptions" time="1.815"/>
  <testcase classname="TestCases.tc06_Wish_List_Test" name="logofffromweb" time="0.656"/>
</testsuite> <!-- TestCases.tc06_Wish_List_Test -->
