<?xml version="1.0" encoding="UTF-8"?>
<!-- Generated by org.testng.reporters.JUnitReportReporter -->
<testsuite hostname="Waseem" failures="0" tests="3" name="TestCases.tc02_Login_Test" time="13.322" errors="0" timestamp="2026-06-30T13:06:03 IST" skipped="0">
  <testcase classname="TestCases.tc02_Login_Test" name="Login" time="5.174"/>
  <testcase classname="TestCases.tc02_Login_Test" name="Login" time="4.328"/>
  <testcase classname="TestCases.tc02_Login_Test" name="Login" time="3.820"/>
</testsuite> <!-- TestCases.tc02_Login_Test -->
