<?xml version="1.0" encoding="UTF-8"?>
<!-- Generated by org.testng.reporters.JUnitReportReporter -->
<testsuite hostname="Waseem" failures="0" tests="5" name="TestCases.tc07_Shopcart_Test" time="17.304" errors="0" timestamp="2026-07-04T14:53:41 IST" skipped="0">
  <testcase classname="TestCases.tc07_Shopcart_Test" name="logontoweb" time="3.583"/>
  <testcase classname="TestCases.tc07_Shopcart_Test" name="AddtoCart" time="1.430"/>
  <testcase classname="TestCases.tc07_Shopcart_Test" name="AddtoCart" time="2.031"/>
  <testcase classname="TestCases.tc07_Shopcart_Test" name="CalculateValues" time="9.623"/>
  <testcase classname="TestCases.tc07_Shopcart_Test" name="logofffromweb" time="0.637"/>
</testsuite> <!-- TestCases.tc07_Shopcart_Test -->
