<?xml version="1.0" encoding="UTF-8"?>
<!-- Generated by org.testng.reporters.JUnitReportReporter -->
<testsuite hostname="Waseem" failures="0" tests="5" name="TestCases.tc02_Login_Test" time="19.688" errors="0" timestamp="2026-06-28T12:17:53 IST" skipped="0">
  <testcase classname="TestCases.tc02_Login_Test" name="Login" time="3.270"/>
  <testcase classname="TestCases.tc02_Login_Test" name="Login" time="4.401"/>
  <testcase classname="TestCases.tc02_Login_Test" name="Login" time="4.083"/>
  <testcase classname="TestCases.tc02_Login_Test" name="Login" time="3.830"/>
  <testcase classname="TestCases.tc02_Login_Test" name="Login" time="4.104"/>
</testsuite> <!-- TestCases.tc02_Login_Test -->
