<?xml version="1.0" encoding="UTF-8"?>
<!-- Generated by org.testng.reporters.JUnitReportReporter -->
<testsuite hostname="Waseem" failures="0" tests="4" name="TestCases.tc03_Search" time="6.679" errors="0" timestamp="2026-07-02T16:45:56 IST" skipped="0">
  <testcase classname="TestCases.tc03_Search" name="logontoweb" time="2.638"/>
  <testcase classname="TestCases.tc03_Search" name="SearchOptions" time="1.935"/>
  <testcase classname="TestCases.tc03_Search" name="SearchOptions" time="1.394"/>
  <testcase classname="TestCases.tc03_Search" name="logofffromweb" time="0.712"/>
</testsuite> <!-- TestCases.tc03_Search -->
