<?xml version="1.0" encoding="UTF-8"?>
<!-- Generated by org.testng.reporters.JUnitReportReporter -->
<testsuite hostname="Waseem" failures="0" tests="4" name="TestCases.tc04_Product_Display" time="8.293" errors="0" timestamp="2026-07-07T19:53:56 IST" skipped="0">
  <testcase classname="TestCases.tc04_Product_Display" name="logontoweb" time="2.245"/>
  <testcase classname="TestCases.tc04_Product_Display" name="SearchOptions" time="3.016"/>
  <testcase classname="TestCases.tc04_Product_Display" name="SearchOptions" time="2.384"/>
  <testcase classname="TestCases.tc04_Product_Display" name="logofffromweb" time="0.648"/>
</testsuite> <!-- TestCases.tc04_Product_Display -->
