<?xml version="1.0" encoding="UTF-8"?>
<!-- Generated by org.testng.reporters.JUnitReportReporter -->
<testsuite hostname="Waseem" failures="0" tests="3" name="TestCases.tc02_Login_Test" time="18.082" errors="0" timestamp="2026-07-02T16:45:56 IST" skipped="0">
  <testcase classname="TestCases.tc02_Login_Test" name="Login" time="5.322"/>
  <testcase classname="TestCases.tc02_Login_Test" name="Login" time="3.423"/>
  <testcase classname="TestCases.tc02_Login_Test" name="Login" time="9.337"/>
</testsuite> <!-- TestCases.tc02_Login_Test -->
