<?xml version="1.0" encoding="UTF-8"?>
<!-- Generated by org.testng.reporters.JUnitReportReporter -->
<testsuite hostname="Waseem" failures="0" tests="4" name="TestCases.tc05_Add_to_cart_test" time="7.782" errors="0" timestamp="2026-07-07T19:53:56 IST" skipped="0">
  <testcase classname="TestCases.tc05_Add_to_cart_test" name="logontoweb" time="2.147"/>
  <testcase classname="TestCases.tc05_Add_to_cart_test" name="SearchOptions" time="2.881"/>
  <testcase classname="TestCases.tc05_Add_to_cart_test" name="SearchOptions" time="2.090"/>
  <testcase classname="TestCases.tc05_Add_to_cart_test" name="logofffromweb" time="0.664"/>
</testsuite> <!-- TestCases.tc05_Add_to_cart_test -->
