<?xml version="1.0" encoding="UTF-8"?>
<!-- Generated by org.testng.reporters.JUnitReportReporter -->
<testsuite hostname="Waseem" failures="0" tests="4" name="TestCases.tc05_Add_to_cart_test" time="7.741" errors="0" timestamp="2026-07-02T16:45:56 IST" skipped="0">
  <testcase classname="TestCases.tc05_Add_to_cart_test" name="logontoweb" time="2.461"/>
  <testcase classname="TestCases.tc05_Add_to_cart_test" name="SearchOptions" time="2.023"/>
  <testcase classname="TestCases.tc05_Add_to_cart_test" name="SearchOptions" time="2.608"/>
  <testcase classname="TestCases.tc05_Add_to_cart_test" name="logofffromweb" time="0.649"/>
</testsuite> <!-- TestCases.tc05_Add_to_cart_test -->
