<?xml version="1.0" encoding="UTF-8"?>
<!-- Generated by org.testng.reporters.JUnitReportReporter -->
<testsuite hostname="Waseem" failures="0" tests="5" name="TestCases.tc07_Shopcart_Test" time="10.019" errors="0" timestamp="2026-07-07T19:53:56 IST" skipped="0">
  <testcase classname="TestCases.tc07_Shopcart_Test" name="logontoweb" time="2.316"/>
  <testcase classname="TestCases.tc07_Shopcart_Test" name="AddtoCart" time="2.849"/>
  <testcase classname="TestCases.tc07_Shopcart_Test" name="AddtoCart" time="2.982"/>
  <testcase classname="TestCases.tc07_Shopcart_Test" name="CalculateValues" time="1.066"/>
  <testcase classname="TestCases.tc07_Shopcart_Test" name="logofffromweb" time="0.806"/>
</testsuite> <!-- TestCases.tc07_Shopcart_Test -->
