<?xml version="1.0" encoding="UTF-8"?>
<!-- Generated by org.testng.reporters.JUnitReportReporter -->
<testsuite hostname="Waseem" failures="0" tests="2" name="TestCases.tc00_BrokenLinksonHomePage" time="14.067" errors="0" timestamp="2026-07-07T19:53:56 IST" skipped="0">
  <testcase classname="TestCases.tc00_BrokenLinksonHomePage" name="Toplinks" time="5.203"/>
  <testcase classname="TestCases.tc00_BrokenLinksonHomePage" name="FooterLinks" time="8.864"/>
</testsuite> <!-- TestCases.tc00_BrokenLinksonHomePage -->
