<?xml version="1.0" encoding="UTF-8"?>
<!-- Generated by org.testng.reporters.JUnitReportReporter -->
<testsuite hostname="Waseem" failures="0" tests="4" name="TestCases.tc06_Wish_List_Test" time="5.438" errors="0" timestamp="2026-07-07T19:53:56 IST" skipped="0">
  <testcase classname="TestCases.tc06_Wish_List_Test" name="logontoweb" time="2.373"/>
  <testcase classname="TestCases.tc06_Wish_List_Test" name="SearchOptions" time="1.177"/>
  <testcase classname="TestCases.tc06_Wish_List_Test" name="SearchOptions" time="1.247"/>
  <testcase classname="TestCases.tc06_Wish_List_Test" name="logofffromweb" time="0.641"/>
</testsuite> <!-- TestCases.tc06_Wish_List_Test -->
